<?xml version="1.0" encoding="UTF-8" ?>
<testsuite tests="7" failures="0" name="adt.bst.StudentBSTTest" time="0.009" errors="0" skipped="0">
  <properties>
    <property name="jansi.mode" value="force"/>
    <property name="java.runtime.name" value="OpenJDK Runtime Environment"/>
    <property name="java.vm.version" value="17.0.5+8"/>
    <property name="sun.boot.library.path" value="/snap/eclipse/66/plugins/org.eclipse.justj.openjdk.hotspot.jre.full.linux.x86_64_17.0.5.v20221102-0933/jre/lib"/>
    <property name="maven.multiModuleProjectDirectory" value="/home/welly/Leda/R08-02-Rot-BST-environment"/>
    <property name="java.vm.vendor" value="Eclipse Adoptium"/>
    <property name="java.vendor.url" value="https://adoptium.net/"/>
    <property name="guice.disable.misplaced.annotation.check" value="true"/>
    <property name="path.separator" value=":"/>
    <property name="java.vm.name" value="OpenJDK 64-Bit Server VM"/>
    <property name="user.country" value="BR"/>
    <property name="sun.java.launcher" value="SUN_STANDARD"/>
    <property name="java.vm.specification.name" value="Java Virtual Machine Specification"/>
    <property name="user.dir" value="/home/welly/Leda/R08-02-Rot-BST-environment"/>
    <property name="java.vm.compressedOopsMode" value="32-bit"/>
    <property name="java.runtime.version" value="17.0.5+8"/>
    <property name="os.arch" value="amd64"/>
    <property name="java.io.tmpdir" value="/tmp"/>
    <property name="line.separator" value="
"/>
    <property name="java.vm.specification.vendor" value="Oracle Corporation"/>
    <property name="os.name" value="Linux"/>
    <property name="classworlds.conf" value="/home/welly/eclipse-workspace/.metadata/.plugins/org.eclipse.m2e.launching/launches/m2conf17390298813194307718.tmp"/>
    <property name="sun.jnu.encoding" value="UTF-8"/>
    <property name="java.library.path" value="/usr/java/packages/lib:/usr/lib64:/lib64:/lib:/usr/lib"/>
    <property name="jdk.debug" value="release"/>
    <property name="java.class.version" value="61.0"/>
    <property name="java.specification.name" value="Java Platform API Specification"/>
    <property name="sun.management.compiler" value="HotSpot 64-Bit Tiered Compilers"/>
    <property name="os.version" value="5.19.0-42-generic"/>
    <property name="user.home" value="/home/welly"/>
    <property name="user.timezone" value="America/Recife"/>
    <property name="file.encoding" value="UTF-8"/>
    <property name="java.specification.version" value="17"/>
    <property name="user.name" value="welly"/>
    <property name="java.class.path" value="/snap/eclipse/66/plugins/org.eclipse.m2e.maven.runtime_3.8.604.20221130-2149/jars/plexus-classworlds-2.6.0.jar"/>
    <property name="java.vm.specification.version" value="17"/>
    <property name="sun.arch.data.model" value="64"/>
    <property name="sun.java.command" value="org.codehaus.plexus.classworlds.launcher.Launcher -B -Dstyle.color=always install"/>
    <property name="java.home" value="/snap/eclipse/66/plugins/org.eclipse.justj.openjdk.hotspot.jre.full.linux.x86_64_17.0.5.v20221102-0933/jre"/>
    <property name="user.language" value="pt"/>
    <property name="java.specification.vendor" value="Oracle Corporation"/>
    <property name="java.vm.info" value="mixed mode"/>
    <property name="java.version" value="17.0.5"/>
    <property name="native.encoding" value="UTF-8"/>
    <property name="java.vendor" value="Eclipse Adoptium"/>
    <property name="maven.home" value="/home/welly/Leda/R08-02-Rot-BST-environment/EMBEDDED"/>
    <property name="style.color" value="always"/>
    <property name="file.separator" value="/"/>
    <property name="java.version.date" value="2022-10-18"/>
    <property name="java.vendor.url.bug" value="https://github.com/adoptium/adoptium-support/issues"/>
    <property name="sun.io.unicode.encoding" value="UnicodeLittle"/>
    <property name="sun.cpu.endian" value="little"/>
    <property name="java.vendor.version" value="Temurin-17.0.5+8"/>
    <property name="m2e.build.project.data.socket.port" value="44445"/>
  </properties>
  <testcase classname="adt.bst.StudentBSTTest" name="testSucessorPredecessor" time="0.005"/>
  <testcase classname="adt.bst.StudentBSTTest" name="testInit" time="0.001"/>
  <testcase classname="adt.bst.StudentBSTTest" name="testSize" time="0"/>
  <testcase classname="adt.bst.StudentBSTTest" name="testHeight" time="0.001"/>
  <testcase classname="adt.bst.StudentBSTTest" name="testMinMax" time="0.001"/>
  <testcase classname="adt.bst.StudentBSTTest" name="testRemove" time="0.001"/>
  <testcase classname="adt.bst.StudentBSTTest" name="testSearch" time="0"/>
</testsuite>